[debug] [2023-09-15T10:35:07.827Z] ----------------------------------------------------------------------
[debug] [2023-09-15T10:35:07.829Z] Command:       C:\Program Files\nodejs\node.exe C:\Users\Student\AppData\Roaming\npm\node_modules\firebase-tools\lib\bin\firebase.js init hosting
[debug] [2023-09-15T10:35:07.829Z] CLI Version:   12.5.4
[debug] [2023-09-15T10:35:07.829Z] Platform:      win32
[debug] [2023-09-15T10:35:07.830Z] Node Version:  v18.15.0
[debug] [2023-09-15T10:35:07.831Z] Time:          Fri Sep 15 2023 12:35:07 GMT+0200 (South Africa Standard Time)
[debug] [2023-09-15T10:35:07.831Z] ----------------------------------------------------------------------
[debug] 
[debug] [2023-09-15T10:35:07.841Z] > command requires scopes: ["email","openid","https://www.googleapis.com/auth/cloudplatformprojects.readonly","https://www.googleapis.com/auth/firebase","https://www.googleapis.com/auth/cloud-platform"]
[debug] [2023-09-15T10:35:07.842Z] > authorizing via signed-in user (connorb0706@gmail.com)
[info] 
     ######## #### ########  ######## ########     ###     ######  ########
     ##        ##  ##     ## ##       ##     ##  ##   ##  ##       ##
     ######    ##  ########  ######   ########  #########  ######  ######
     ##        ##  ##    ##  ##       ##     ## ##     ##       ## ##
     ##       #### ##     ## ######## ########  ##     ##  ######  ########

You're about to initialize a Firebase project in this directory:

  C:\Users\Student\Development\Capstone_Project_Connor_Winkworth_Front_End\capstone_project

[info] 
=== Project Setup
[info] 
[info] First, let's associate this project directory with a Firebase project.
[info] You can create multiple project aliases by running firebase use --add, 
[info] but for now we'll just set up a default project.
[info] 
[debug] [2023-09-15T10:35:33.562Z] >>> [apiv2][query] GET https://firebase.googleapis.com/v1beta1/projects pageSize=100
[debug] [2023-09-15T10:35:35.050Z] <<< [apiv2][status] GET https://firebase.googleapis.com/v1beta1/projects 200
[debug] [2023-09-15T10:35:35.050Z] <<< [apiv2][body] GET https://firebase.googleapis.com/v1beta1/projects [omitted]
[info] i  Using project connor-winkworth-capstone (Connor Winkworth Capstone) 
[info] 
=== Hosting Setup
[info] 
[info] Your public directory is the folder (relative to your project directory) that
[info] will contain Hosting assets to be uploaded with firebase deploy. If you
[info] have a build process for your assets, use your build's output directory.
[info] 
